<?xml version="1.0" encoding="UTF-8"?>
<testsuite xmlns:xsi="http://www.w3.org/2001/XMLSchema-instance" xsi:noNamespaceSchemaLocation="https://maven.apache.org/surefire/maven-surefire-plugin/xsd/surefire-test-report-3.0.xsd" version="3.0" name="br.com.bb.compra.ClienteResourceTest" time="7.022" tests="1" errors="1" skipped="0" failures="0">
  <properties>
    <property name="java.specification.version" value="14"/>
    <property name="sun.cpu.isalist" value="amd64"/>
    <property name="sun.jnu.encoding" value="Cp1252"/>
    <property name="java.class.path" value="C:\Users\F8365885\Desafio - Trainee\LetsCode\helloAPI-quarkus\target\test-classes;C:\Users\F8365885\Desafio - Trainee\LetsCode\helloAPI-quarkus\target\classes;C:\Users\F8365885\.m2\repository\io\quarkus\quarkus-resteasy\2.7.6.Final\quarkus-resteasy-2.7.6.Final.jar;C:\Users\F8365885\.m2\repository\io\quarkus\quarkus-vertx-http\2.7.6.Final\quarkus-vertx-http-2.7.6.Final.jar;C:\Users\F8365885\.m2\repository\io\quarkus\quarkus-security-runtime-spi\2.7.6.Final\quarkus-security-runtime-spi-2.7.6.Final.jar;C:\Users\F8365885\.m2\repository\io\quarkus\quarkus-mutiny\2.7.6.Final\quarkus-mutiny-2.7.6.Final.jar;C:\Users\F8365885\.m2\repository\io\quarkus\quarkus-smallrye-context-propagation\2.7.6.Final\quarkus-smallrye-context-propagation-2.7.6.Final.jar;C:\Users\F8365885\.m2\repository\io\smallrye\smallrye-context-propagation\1.2.2\smallrye-context-propagation-1.2.2.jar;C:\Users\F8365885\.m2\repository\io\smallrye\smallrye-context-propagation-api\1.2.2\smallrye-context-propagation-api-1.2.2.jar;C:\Users\F8365885\.m2\repository\io\smallrye\smallrye-context-propagation-storage\1.2.2\smallrye-context-propagation-storage-1.2.2.jar;C:\Users\F8365885\.m2\repository\io\smallrye\reactive\mutiny-smallrye-context-propagation\1.4.0\mutiny-smallrye-context-propagation-1.4.0.jar;C:\Users\F8365885\.m2\repository\io\smallrye\common\smallrye-common-vertx-context\1.10.0\smallrye-common-vertx-context-1.10.0.jar;C:\Users\F8365885\.m2\repository\io\smallrye\common\smallrye-common-constraint\1.10.0\smallrye-common-constraint-1.10.0.jar;C:\Users\F8365885\.m2\repository\io\quarkus\quarkus-vertx-http-dev-console-runtime-spi\2.7.6.Final\quarkus-vertx-http-dev-console-runtime-spi-2.7.6.Final.jar;C:\Users\F8365885\.m2\repository\io\quarkus\quarkus-vertx\2.7.6.Final\quarkus-vertx-2.7.6.Final.jar;C:\Users\F8365885\.m2\repository\io\quarkus\quarkus-netty\2.7.6.Final\quarkus-netty-2.7.6.Final.jar;C:\Users\F8365885\.m2\repository\io\netty\netty-codec-haproxy\4.1.74.Final\netty-codec-haproxy-4.1.74.Final.jar;C:\Users\F8365885\.m2\repository\io\smallrye\common\smallrye-common-annotation\1.10.0\smallrye-common-annotation-1.10.0.jar;C:\Users\F8365885\.m2\repository\io\smallrye\reactive\smallrye-mutiny-vertx-core\2.21.0\smallrye-mutiny-vertx-core-2.21.0.jar;C:\Users\F8365885\.m2\repository\io\smallrye\reactive\smallrye-mutiny-vertx-runtime\2.21.0\smallrye-mutiny-vertx-runtime-2.21.0.jar;C:\Users\F8365885\.m2\repository\io\smallrye\reactive\vertx-mutiny-generator\2.21.0\vertx-mutiny-generator-2.21.0.jar;C:\Users\F8365885\.m2\repository\io\vertx\vertx-codegen\4.2.7\vertx-codegen-4.2.7.jar;C:\Users\F8365885\.m2\repository\io\smallrye\smallrye-fault-tolerance-vertx\5.2.1\smallrye-fault-tolerance-vertx-5.2.1.jar;C:\Users\F8365885\.m2\repository\io\smallrye\reactive\smallrye-mutiny-vertx-web\2.21.0\smallrye-mutiny-vertx-web-2.21.0.jar;C:\Users\F8365885\.m2\repository\io\smallrye\reactive\smallrye-mutiny-vertx-web-common\2.21.0\smallrye-mutiny-vertx-web-common-2.21.0.jar;C:\Users\F8365885\.m2\repository\io\smallrye\reactive\smallrye-mutiny-vertx-auth-common\2.21.0\smallrye-mutiny-vertx-auth-common-2.21.0.jar;C:\Users\F8365885\.m2\repository\io\smallrye\reactive\smallrye-mutiny-vertx-bridge-common\2.21.0\smallrye-mutiny-vertx-bridge-common-2.21.0.jar;C:\Users\F8365885\.m2\repository\io\vertx\vertx-web\4.2.7\vertx-web-4.2.7.jar;C:\Users\F8365885\.m2\repository\io\vertx\vertx-web-common\4.2.7\vertx-web-common-4.2.7.jar;C:\Users\F8365885\.m2\repository\io\vertx\vertx-auth-common\4.2.7\vertx-auth-common-4.2.7.jar;C:\Users\F8365885\.m2\repository\io\vertx\vertx-bridge-common\4.2.7\vertx-bridge-common-4.2.7.jar;C:\Users\F8365885\.m2\repository\io\quarkus\quarkus-resteasy-server-common\2.7.6.Final\quarkus-resteasy-server-common-2.7.6.Final.jar;C:\Users\F8365885\.m2\repository\io\quarkus\quarkus-resteasy-common\2.7.6.Final\quarkus-resteasy-common-2.7.6.Final.jar;C:\Users\F8365885\.m2\repository\org\jboss\resteasy\resteasy-core\4.7.5.Final\resteasy-core-4.7.5.Final.jar;C:\Users\F8365885\.m2\repository\org\jboss\spec\javax\ws\rs\jboss-jaxrs-api_2.1_spec\2.0.1.Final\jboss-jaxrs-api_2.1_spec-2.0.1.Final.jar;C:\Users\F8365885\.m2\repository\org\jboss\resteasy\resteasy-core-spi\4.7.5.Final\resteasy-core-spi-4.7.5.Final.jar;C:\Users\F8365885\.m2\repository\com\ibm\async\asyncutil\0.1.0\asyncutil-0.1.0.jar;C:\Users\F8365885\.m2\repository\jakarta\validation\jakarta.validation-api\2.0.2\jakarta.validation-api-2.0.2.jar;C:\Users\F8365885\.m2\repository\io\quarkus\quarkus-arc\2.7.6.Final\quarkus-arc-2.7.6.Final.jar;C:\Users\F8365885\.m2\repository\io\quarkus\arc\arc\2.7.6.Final\arc-2.7.6.Final.jar;C:\Users\F8365885\.m2\repository\io\quarkus\quarkus-core\2.7.6.Final\quarkus-core-2.7.6.Final.jar;C:\Users\F8365885\.m2\repository\jakarta\inject\jakarta.inject-api\1.0\jakarta.inject-api-1.0.jar;C:\Users\F8365885\.m2\repository\io\quarkus\quarkus-ide-launcher\2.7.6.Final\quarkus-ide-launcher-2.7.6.Final.jar;C:\Users\F8365885\.m2\repository\io\quarkus\quarkus-development-mode-spi\2.7.6.Final\quarkus-development-mode-spi-2.7.6.Final.jar;C:\Users\F8365885\.m2\repository\io\smallrye\config\smallrye-config\2.9.2\smallrye-config-2.9.2.jar;C:\Users\F8365885\.m2\repository\io\smallrye\config\smallrye-config-core\2.9.2\smallrye-config-core-2.9.2.jar;C:\Users\F8365885\.m2\repository\org\eclipse\microprofile\config\microprofile-config-api\2.0.1\microprofile-config-api-2.0.1.jar;C:\Users\F8365885\.m2\repository\io\smallrye\common\smallrye-common-expression\1.10.0\smallrye-common-expression-1.10.0.jar;C:\Users\F8365885\.m2\repository\io\smallrye\common\smallrye-common-function\1.10.0\smallrye-common-function-1.10.0.jar;C:\Users\F8365885\.m2\repository\io\smallrye\common\smallrye-common-classloader\1.10.0\smallrye-common-classloader-1.10.0.jar;C:\Users\F8365885\.m2\repository\io\smallrye\config\smallrye-config-common\2.9.2\smallrye-config-common-2.9.2.jar;C:\Users\F8365885\.m2\repository\org\jboss\logmanager\jboss-logmanager-embedded\1.0.9\jboss-logmanager-embedded-1.0.9.jar;C:\Users\F8365885\.m2\repository\org\jboss\logging\jboss-logging-annotations\2.2.1.Final\jboss-logging-annotations-2.2.1.Final.jar;C:\Users\F8365885\.m2\repository\org\jboss\threads\jboss-threads\3.4.2.Final\jboss-threads-3.4.2.Final.jar;C:\Users\F8365885\.m2\repository\org\slf4j\slf4j-api\1.7.33\slf4j-api-1.7.33.jar;C:\Users\F8365885\.m2\repository\org\jboss\slf4j\slf4j-jboss-logmanager\1.1.0.Final\slf4j-jboss-logmanager-1.1.0.Final.jar;C:\Users\F8365885\.m2\repository\org\graalvm\sdk\graal-sdk\21.3.2\graal-sdk-21.3.2.jar;C:\Users\F8365885\.m2\repository\org\wildfly\common\wildfly-common\1.5.4.Final-format-001\wildfly-common-1.5.4.Final-format-001.jar;C:\Users\F8365885\.m2\repository\io\quarkus\quarkus-bootstrap-runner\2.7.6.Final\quarkus-bootstrap-runner-2.7.6.Final.jar;C:\Users\F8365885\.m2\repository\io\quarkus\quarkus-fs-util\0.0.9\quarkus-fs-util-0.0.9.jar;C:\Users\F8365885\.m2\repository\org\eclipse\microprofile\context-propagation\microprofile-context-propagation-api\1.2\microprofile-context-propagation-api-1.2.jar;C:\Users\F8365885\.m2\repository\io\quarkus\quarkus-rest-client-jackson\2.7.6.Final\quarkus-rest-client-jackson-2.7.6.Final.jar;C:\Users\F8365885\.m2\repository\io\quarkus\quarkus-rest-client\2.7.6.Final\quarkus-rest-client-2.7.6.Final.jar;C:\Users\F8365885\.m2\repository\io\quarkus\quarkus-apache-httpclient\2.7.6.Final\quarkus-apache-httpclient-2.7.6.Final.jar;C:\Users\F8365885\.m2\repository\io\quarkus\quarkus-rest-client-config\2.7.6.Final\quarkus-rest-client-config-2.7.6.Final.jar;C:\Users\F8365885\.m2\repository\org\eclipse\microprofile\rest\client\microprofile-rest-client-api\2.0\microprofile-rest-client-api-2.0.jar;C:\Users\F8365885\.m2\repository\org\jboss\resteasy\resteasy-client-microprofile\4.7.5.Final\resteasy-client-microprofile-4.7.5.Final.jar;C:\Users\F8365885\.m2\repository\org\jboss\resteasy\resteasy-client-microprofile-base\4.7.5.Final\resteasy-client-microprofile-base-4.7.5.Final.jar;C:\Users\F8365885\.m2\repository\org\jboss\resteasy\resteasy-client\4.7.5.Final\resteasy-client-4.7.5.Final.jar;C:\Users\F8365885\.m2\repository\org\jboss\resteasy\resteasy-client-api\4.7.5.Final\resteasy-client-api-4.7.5.Final.jar;C:\Users\F8365885\.m2\repository\commons-io\commons-io\2.11.0\commons-io-2.11.0.jar;C:\Users\F8365885\.m2\repository\org\jboss\resteasy\resteasy-cdi\4.7.5.Final\resteasy-cdi-4.7.5.Final.jar;C:\Users\F8365885\.m2\repository\jakarta\interceptor\jakarta.interceptor-api\1.2.5\jakarta.interceptor-api-1.2.5.jar;C:\Users\F8365885\.m2\repository\org\apache\httpcomponents\httpasyncclient\4.1.5\httpasyncclient-4.1.5.jar;C:\Users\F8365885\.m2\repository\org\apache\httpcomponents\httpcore-nio\4.4.15\httpcore-nio-4.4.15.jar;C:\Users\F8365885\.m2\repository\io\quarkus\quarkus-jackson\2.7.6.Final\quarkus-jackson-2.7.6.Final.jar;C:\Users\F8365885\.m2\repository\com\fasterxml\jackson\core\jackson-databind\2.13.3\jackson-databind-2.13.3.jar;C:\Users\F8365885\.m2\repository\com\fasterxml\jackson\datatype\jackson-datatype-jsr310\2.13.3\jackson-datatype-jsr310-2.13.3.jar;C:\Users\F8365885\.m2\repository\com\fasterxml\jackson\datatype\jackson-datatype-jdk8\2.13.3\jackson-datatype-jdk8-2.13.3.jar;C:\Users\F8365885\.m2\repository\com\fasterxml\jackson\module\jackson-module-parameter-names\2.13.3\jackson-module-parameter-names-2.13.3.jar;C:\Users\F8365885\.m2\repository\org\jboss\resteasy\resteasy-jackson2-provider\4.7.5.Final\resteasy-jackson2-provider-4.7.5.Final.jar;C:\Users\F8365885\.m2\repository\com\fasterxml\jackson\core\jackson-core\2.13.3\jackson-core-2.13.3.jar;C:\Users\F8365885\.m2\repository\com\fasterxml\jackson\core\jackson-annotations\2.13.3\jackson-annotations-2.13.3.jar;C:\Users\F8365885\.m2\repository\com\fasterxml\jackson\jaxrs\jackson-jaxrs-json-provider\2.13.3\jackson-jaxrs-json-provider-2.13.3.jar;C:\Users\F8365885\.m2\repository\com\fasterxml\jackson\jaxrs\jackson-jaxrs-base\2.13.3\jackson-jaxrs-base-2.13.3.jar;C:\Users\F8365885\.m2\repository\com\fasterxml\jackson\module\jackson-module-jaxb-annotations\2.13.3\jackson-module-jaxb-annotations-2.13.3.jar;C:\Users\F8365885\.m2\repository\com\github\java-json-tools\json-patch\1.13\json-patch-1.13.jar;C:\Users\F8365885\.m2\repository\com\github\java-json-tools\msg-simple\1.2\msg-simple-1.2.jar;C:\Users\F8365885\.m2\repository\com\github\java-json-tools\btf\1.3\btf-1.3.jar;C:\Users\F8365885\.m2\repository\com\github\java-json-tools\jackson-coreutils\2.0\jackson-coreutils-2.0.jar;C:\Users\F8365885\.m2\repository\org\jboss\spec\javax\xml\bind\jboss-jaxb-api_2.3_spec\2.0.0.Final\jboss-jaxb-api_2.3_spec-2.0.0.Final.jar;C:\Users\F8365885\.m2\repository\org\jboss\logging\commons-logging-jboss-logging\1.0.0.Final\commons-logging-jboss-logging-1.0.0.Final.jar;C:\Users\F8365885\.m2\repository\org\jboss\logging\jboss-logging\3.4.3.Final\jboss-logging-3.4.3.Final.jar;C:\Users\F8365885\.m2\repository\io\quarkus\quarkus-hibernate-orm\2.7.6.Final\quarkus-hibernate-orm-2.7.6.Final.jar;C:\Users\F8365885\.m2\repository\io\quarkus\quarkus-agroal\2.7.6.Final\quarkus-agroal-2.7.6.Final.jar;C:\Users\F8365885\.m2\repository\io\quarkus\quarkus-datasource\2.7.6.Final\quarkus-datasource-2.7.6.Final.jar;C:\Users\F8365885\.m2\repository\io\quarkus\quarkus-datasource-common\2.7.6.Final\quarkus-datasource-common-2.7.6.Final.jar;C:\Users\F8365885\.m2\repository\org\jboss\narayana\jta\narayana-jta\5.12.4.Final\narayana-jta-5.12.4.Final.jar;C:\Users\F8365885\.m2\repository\org\jboss\jboss-transaction-spi\7.6.0.Final\jboss-transaction-spi-7.6.0.Final.jar;C:\Users\F8365885\.m2\repository\org\jboss\spec\javax\resource\jboss-connector-api_1.7_spec\1.0.0.Final\jboss-connector-api_1.7_spec-1.0.0.Final.jar;C:\Users\F8365885\.m2\repository\org\jboss\narayana\jts\narayana-jts-integration\5.12.4.Final\narayana-jts-integration-5.12.4.Final.jar;C:\Users\F8365885\.m2\repository\io\agroal\agroal-api\1.15\agroal-api-1.15.jar;C:\Users\F8365885\.m2\repository\io\agroal\agroal-narayana\1.15\agroal-narayana-1.15.jar;C:\Users\F8365885\.m2\repository\io\agroal\agroal-pool\1.15\agroal-pool-1.15.jar;C:\Users\F8365885\.m2\repository\io\quarkus\quarkus-credentials\2.7.6.Final\quarkus-credentials-2.7.6.Final.jar;C:\Users\F8365885\.m2\repository\io\quarkus\quarkus-narayana-jta\2.7.6.Final\quarkus-narayana-jta-2.7.6.Final.jar;C:\Users\F8365885\.m2\repository\io\smallrye\smallrye-context-propagation-jta\1.2.2\smallrye-context-propagation-jta-1.2.2.jar;C:\Users\F8365885\.m2\repository\io\smallrye\reactive\smallrye-reactive-converter-api\2.7.0\smallrye-reactive-converter-api-2.7.0.jar;C:\Users\F8365885\.m2\repository\org\reactivestreams\reactive-streams\1.0.3\reactive-streams-1.0.3.jar;C:\Users\F8365885\.m2\repository\io\smallrye\reactive\smallrye-reactive-converter-mutiny\2.7.0\smallrye-reactive-converter-mutiny-2.7.0.jar;C:\Users\F8365885\.m2\repository\org\hibernate\hibernate-core\5.6.5.Final\hibernate-core-5.6.5.Final.jar;C:\Users\F8365885\.m2\repository\net\bytebuddy\byte-buddy\1.12.9\byte-buddy-1.12.9.jar;C:\Users\F8365885\.m2\repository\antlr\antlr\2.7.7\antlr-2.7.7.jar;C:\Users\F8365885\.m2\repository\com\fasterxml\classmate\1.5.1\classmate-1.5.1.jar;C:\Users\F8365885\.m2\repository\org\hibernate\common\hibernate-commons-annotations\5.1.2.Final\hibernate-commons-annotations-5.1.2.Final.jar;C:\Users\F8365885\.m2\repository\org\hibernate\hibernate-graalvm\5.6.5.Final\hibernate-graalvm-5.6.5.Final.jar;C:\Users\F8365885\.m2\repository\org\glassfish\jaxb\jaxb-runtime\2.3.3-b02\jaxb-runtime-2.3.3-b02.jar;C:\Users\F8365885\.m2\repository\org\glassfish\jaxb\txw2\2.3.3-b02\txw2-2.3.3-b02.jar;C:\Users\F8365885\.m2\repository\com\sun\istack\istack-commons-runtime\3.0.10\istack-commons-runtime-3.0.10.jar;C:\Users\F8365885\.m2\repository\com\sun\activation\jakarta.activation\1.2.1\jakarta.activation-1.2.1.jar;C:\Users\F8365885\.m2\repository\jakarta\persistence\jakarta.persistence-api\2.2.3\jakarta.persistence-api-2.2.3.jar;C:\Users\F8365885\.m2\repository\jakarta\transaction\jakarta.transaction-api\1.3.3\jakarta.transaction-api-1.3.3.jar;C:\Users\F8365885\.m2\repository\org\hibernate\quarkus-local-cache\0.1.0\quarkus-local-cache-0.1.0.jar;C:\Users\F8365885\.m2\repository\com\github\ben-manes\caffeine\caffeine\2.9.3\caffeine-2.9.3.jar;C:\Users\F8365885\.m2\repository\com\google\errorprone\error_prone_annotations\2.10.0\error_prone_annotations-2.10.0.jar;C:\Users\F8365885\.m2\repository\io\quarkus\quarkus-caffeine\2.7.6.Final\quarkus-caffeine-2.7.6.Final.jar;C:\Users\F8365885\.m2\repository\io\quarkus\quarkus-jdbc-h2\2.7.6.Final\quarkus-jdbc-h2-2.7.6.Final.jar;C:\Users\F8365885\.m2\repository\com\h2database\h2\1.4.197\h2-1.4.197.jar;C:\Users\F8365885\.m2\repository\org\locationtech\jts\jts-core\1.15.0\jts-core-1.15.0.jar;C:\Users\F8365885\.m2\repository\io\quarkus\quarkus-undertow\2.7.6.Final\quarkus-undertow-2.7.6.Final.jar;C:\Users\F8365885\.m2\repository\io\quarkus\security\quarkus-security\1.1.4.Final\quarkus-security-1.1.4.Final.jar;C:\Users\F8365885\.m2\repository\io\smallrye\reactive\mutiny\1.4.0\mutiny-1.4.0.jar;C:\Users\F8365885\.m2\repository\jakarta\enterprise\jakarta.enterprise.cdi-api\2.0.2\jakarta.enterprise.cdi-api-2.0.2.jar;C:\Users\F8365885\.m2\repository\jakarta\el\jakarta.el-api\3.0.3\jakarta.el-api-3.0.3.jar;C:\Users\F8365885\.m2\repository\io\quarkus\http\quarkus-http-servlet\4.1.7\quarkus-http-servlet-4.1.7.jar;C:\Users\F8365885\.m2\repository\jakarta\servlet\jakarta.servlet-api\4.0.3\jakarta.servlet-api-4.0.3.jar;C:\Users\F8365885\.m2\repository\jakarta\annotation\jakarta.annotation-api\1.3.5\jakarta.annotation-api-1.3.5.jar;C:\Users\F8365885\.m2\repository\io\quarkus\http\quarkus-http-vertx-backend\4.1.7\quarkus-http-vertx-backend-4.1.7.jar;C:\Users\F8365885\.m2\repository\io\vertx\vertx-core\4.2.7\vertx-core-4.2.7.jar;C:\Users\F8365885\.m2\repository\io\netty\netty-common\4.1.74.Final\netty-common-4.1.74.Final.jar;C:\Users\F8365885\.m2\repository\io\netty\netty-buffer\4.1.74.Final\netty-buffer-4.1.74.Final.jar;C:\Users\F8365885\.m2\repository\io\netty\netty-transport\4.1.74.Final\netty-transport-4.1.74.Final.jar;C:\Users\F8365885\.m2\repository\io\netty\netty-handler\4.1.74.Final\netty-handler-4.1.74.Final.jar;C:\Users\F8365885\.m2\repository\io\netty\netty-tcnative-classes\2.0.48.Final\netty-tcnative-classes-2.0.48.Final.jar;C:\Users\F8365885\.m2\repository\io\netty\netty-handler-proxy\4.1.74.Final\netty-handler-proxy-4.1.74.Final.jar;C:\Users\F8365885\.m2\repository\io\netty\netty-codec-socks\4.1.74.Final\netty-codec-socks-4.1.74.Final.jar;C:\Users\F8365885\.m2\repository\io\netty\netty-codec-http2\4.1.74.Final\netty-codec-http2-4.1.74.Final.jar;C:\Users\F8365885\.m2\repository\io\netty\netty-resolver\4.1.74.Final\netty-resolver-4.1.74.Final.jar;C:\Users\F8365885\.m2\repository\io\netty\netty-resolver-dns\4.1.74.Final\netty-resolver-dns-4.1.74.Final.jar;C:\Users\F8365885\.m2\repository\io\netty\netty-codec-dns\4.1.74.Final\netty-codec-dns-4.1.74.Final.jar;C:\Users\F8365885\.m2\repository\io\quarkus\http\quarkus-http-http-core\4.1.7\quarkus-http-http-core-4.1.7.jar;C:\Users\F8365885\.m2\repository\io\quarkus\http\quarkus-http-core\4.1.7\quarkus-http-core-4.1.7.jar;C:\Users\F8365885\.m2\repository\io\netty\netty-codec-http\4.1.74.Final\netty-codec-http-4.1.74.Final.jar;C:\Users\F8365885\.m2\repository\io\netty\netty-codec\4.1.74.Final\netty-codec-4.1.74.Final.jar;C:\Users\F8365885\.m2\repository\io\quarkus\quarkus-junit5\2.7.6.Final\quarkus-junit5-2.7.6.Final.jar;C:\Users\F8365885\.m2\repository\io\quarkus\quarkus-bootstrap-core\2.7.6.Final\quarkus-bootstrap-core-2.7.6.Final.jar;C:\Users\F8365885\.m2\repository\io\quarkus\quarkus-bootstrap-app-model\2.7.6.Final\quarkus-bootstrap-app-model-2.7.6.Final.jar;C:\Users\F8365885\.m2\repository\io\quarkus\quarkus-bootstrap-maven-resolver\2.7.6.Final\quarkus-bootstrap-maven-resolver-2.7.6.Final.jar;C:\Users\F8365885\.m2\repository\org\apache\maven\maven-embedder\3.8.4\maven-embedder-3.8.4.jar;C:\Users\F8365885\.m2\repository\org\apache\maven\maven-settings\3.8.4\maven-settings-3.8.4.jar;C:\Users\F8365885\.m2\repository\org\apache\maven\maven-core\3.8.4\maven-core-3.8.4.jar;C:\Users\F8365885\.m2\repository\org\apache\maven\maven-artifact\3.8.4\maven-artifact-3.8.4.jar;C:\Users\F8365885\.m2\repository\org\codehaus\plexus\plexus-component-annotations\2.1.0\plexus-component-annotations-2.1.0.jar;C:\Users\F8365885\.m2\repository\org\apache\maven\maven-plugin-api\3.8.4\maven-plugin-api-3.8.4.jar;C:\Users\F8365885\.m2\repository\org\apache\maven\maven-model\3.8.4\maven-model-3.8.4.jar;C:\Users\F8365885\.m2\repository\org\apache\maven\maven-model-builder\3.8.4\maven-model-builder-3.8.4.jar;C:\Users\F8365885\.m2\repository\org\apache\maven\maven-builder-support\3.8.4\maven-builder-support-3.8.4.jar;C:\Users\F8365885\.m2\repository\org\apache\maven\resolver\maven-resolver-api\1.6.3\maven-resolver-api-1.6.3.jar;C:\Users\F8365885\.m2\repository\org\apache\maven\resolver\maven-resolver-util\1.6.3\maven-resolver-util-1.6.3.jar;C:\Users\F8365885\.m2\repository\org\apache\maven\shared\maven-shared-utils\3.3.4\maven-shared-utils-3.3.4.jar;C:\Users\F8365885\.m2\repository\com\google\inject\guice\4.2.2\guice-4.2.2-no_aop.jar;C:\Users\F8365885\.m2\repository\com\google\guava\guava\30.1.1-jre\guava-30.1.1-jre.jar;C:\Users\F8365885\.m2\repository\com\google\guava\failureaccess\1.0.1\failureaccess-1.0.1.jar;C:\Users\F8365885\.m2\repository\org\codehaus\plexus\plexus-classworlds\2.6.0\plexus-classworlds-2.6.0.jar;C:\Users\F8365885\.m2\repository\org\codehaus\plexus\plexus-sec-dispatcher\2.0\plexus-sec-dispatcher-2.0.jar;C:\Users\F8365885\.m2\repository\org\codehaus\plexus\plexus-cipher\2.0\plexus-cipher-2.0.jar;C:\Users\F8365885\.m2\repository\commons-cli\commons-cli\1.4\commons-cli-1.4.jar;C:\Users\F8365885\.m2\repository\org\eclipse\sisu\org.eclipse.sisu.plexus\0.3.5\org.eclipse.sisu.plexus-0.3.5.jar;C:\Users\F8365885\.m2\repository\org\apache\maven\maven-settings-builder\3.8.4\maven-settings-builder-3.8.4.jar;C:\Users\F8365885\.m2\repository\org\codehaus\plexus\plexus-interpolation\1.26\plexus-interpolation-1.26.jar;C:\Users\F8365885\.m2\repository\org\apache\maven\maven-resolver-provider\3.8.4\maven-resolver-provider-3.8.4.jar;C:\Users\F8365885\.m2\repository\org\apache\maven\maven-repository-metadata\3.8.4\maven-repository-metadata-3.8.4.jar;C:\Users\F8365885\.m2\repository\org\apache\maven\resolver\maven-resolver-spi\1.6.3\maven-resolver-spi-1.6.3.jar;C:\Users\F8365885\.m2\repository\org\apache\maven\resolver\maven-resolver-impl\1.6.3\maven-resolver-impl-1.6.3.jar;C:\Users\F8365885\.m2\repository\org\codehaus\plexus\plexus-utils\3.3.0\plexus-utils-3.3.0.jar;C:\Users\F8365885\.m2\repository\org\apache\maven\resolver\maven-resolver-connector-basic\1.6.3\maven-resolver-connector-basic-1.6.3.jar;C:\Users\F8365885\.m2\repository\org\apache\maven\resolver\maven-resolver-transport-wagon\1.6.3\maven-resolver-transport-wagon-1.6.3.jar;C:\Users\F8365885\.m2\repository\org\apache\maven\wagon\wagon-http\3.4.3\wagon-http-3.4.3.jar;C:\Users\F8365885\.m2\repository\org\apache\maven\wagon\wagon-http-shared\3.4.3\wagon-http-shared-3.4.3.jar;C:\Users\F8365885\.m2\repository\org\jsoup\jsoup\1.14.2\jsoup-1.14.2.jar;C:\Users\F8365885\.m2\repository\org\apache\maven\wagon\wagon-provider-api\3.4.3\wagon-provider-api-3.4.3.jar;C:\Users\F8365885\.m2\repository\org\apache\maven\wagon\wagon-file\3.4.3\wagon-file-3.4.3.jar;C:\Users\F8365885\.m2\repository\io\quarkus\quarkus-bootstrap-gradle-resolver\2.7.6.Final\quarkus-bootstrap-gradle-resolver-2.7.6.Final.jar;C:\Users\F8365885\.m2\repository\io\smallrye\common\smallrye-common-io\1.10.0\smallrye-common-io-1.10.0.jar;C:\Users\F8365885\.m2\repository\org\eclipse\sisu\org.eclipse.sisu.inject\0.3.5\org.eclipse.sisu.inject-0.3.5.jar;C:\Users\F8365885\.m2\repository\io\quarkus\quarkus-test-common\2.7.6.Final\quarkus-test-common-2.7.6.Final.jar;C:\Users\F8365885\.m2\repository\io\quarkus\quarkus-core-deployment\2.7.6.Final\quarkus-core-deployment-2.7.6.Final.jar;C:\Users\F8365885\.m2\repository\org\aesh\readline\2.2\readline-2.2.jar;C:\Users\F8365885\.m2\repository\org\fusesource\jansi\jansi\1.18\jansi-1.18.jar;C:\Users\F8365885\.m2\repository\org\aesh\aesh\2.6\aesh-2.6.jar;C:\Users\F8365885\.m2\repository\io\quarkus\gizmo\gizmo\1.0.10.Final\gizmo-1.0.10.Final.jar;C:\Users\F8365885\.m2\repository\org\ow2\asm\asm-util\9.2\asm-util-9.2.jar;C:\Users\F8365885\.m2\repository\org\ow2\asm\asm\9.2\asm-9.2.jar;C:\Users\F8365885\.m2\repository\org\ow2\asm\asm-commons\9.2\asm-commons-9.2.jar;C:\Users\F8365885\.m2\repository\org\ow2\asm\asm-tree\9.2\asm-tree-9.2.jar;C:\Users\F8365885\.m2\repository\org\ow2\asm\asm-analysis\9.2\asm-analysis-9.2.jar;C:\Users\F8365885\.m2\repository\io\quarkus\quarkus-class-change-agent\2.7.6.Final\quarkus-class-change-agent-2.7.6.Final.jar;C:\Users\F8365885\.m2\repository\io\quarkus\quarkus-devtools-utilities\2.7.6.Final\quarkus-devtools-utilities-2.7.6.Final.jar;C:\Users\F8365885\.m2\repository\io\quarkus\quarkus-builder\2.7.6.Final\quarkus-builder-2.7.6.Final.jar;C:\Users\F8365885\.m2\repository\org\junit\platform\junit-platform-launcher\1.8.2\junit-platform-launcher-1.8.2.jar;C:\Users\F8365885\.m2\repository\io\quarkus\quarkus-jsonp-deployment\2.7.6.Final\quarkus-jsonp-deployment-2.7.6.Final.jar;C:\Users\F8365885\.m2\repository\io\quarkus\quarkus-jsonp\2.7.6.Final\quarkus-jsonp-2.7.6.Final.jar;C:\Users\F8365885\.m2\repository\org\glassfish\jakarta.json\1.1.6\jakarta.json-1.1.6.jar;C:\Users\F8365885\.m2\repository\org\jboss\jandex\2.4.2.Final\jandex-2.4.2.Final.jar;C:\Users\F8365885\.m2\repository\io\quarkus\quarkus-junit5-properties\2.7.6.Final\quarkus-junit5-properties-2.7.6.Final.jar;C:\Users\F8365885\.m2\repository\org\junit\jupiter\junit-jupiter\5.8.2\junit-jupiter-5.8.2.jar;C:\Users\F8365885\.m2\repository\org\junit\jupiter\junit-jupiter-api\5.8.2\junit-jupiter-api-5.8.2.jar;C:\Users\F8365885\.m2\repository\org\opentest4j\opentest4j\1.2.0\opentest4j-1.2.0.jar;C:\Users\F8365885\.m2\repository\org\junit\platform\junit-platform-commons\1.8.2\junit-platform-commons-1.8.2.jar;C:\Users\F8365885\.m2\repository\org\apiguardian\apiguardian-api\1.1.2\apiguardian-api-1.1.2.jar;C:\Users\F8365885\.m2\repository\org\junit\jupiter\junit-jupiter-params\5.8.2\junit-jupiter-params-5.8.2.jar;C:\Users\F8365885\.m2\repository\org\junit\jupiter\junit-jupiter-engine\5.8.2\junit-jupiter-engine-5.8.2.jar;C:\Users\F8365885\.m2\repository\org\junit\platform\junit-platform-engine\1.8.2\junit-platform-engine-1.8.2.jar;C:\Users\F8365885\.m2\repository\com\thoughtworks\xstream\xstream\1.4.19\xstream-1.4.19.jar;C:\Users\F8365885\.m2\repository\io\github\x-stream\mxparser\1.2.2\mxparser-1.2.2.jar;C:\Users\F8365885\.m2\repository\xmlpull\xmlpull\1.1.3.1\xmlpull-1.1.3.1.jar;C:\Users\F8365885\.m2\repository\io\rest-assured\rest-assured\4.4.0\rest-assured-4.4.0.jar;C:\Users\F8365885\.m2\repository\org\codehaus\groovy\groovy\3.0.8\groovy-3.0.8.jar;C:\Users\F8365885\.m2\repository\org\codehaus\groovy\groovy-xml\3.0.8\groovy-xml-3.0.8.jar;C:\Users\F8365885\.m2\repository\org\apache\httpcomponents\httpclient\4.5.13\httpclient-4.5.13.jar;C:\Users\F8365885\.m2\repository\org\apache\httpcomponents\httpcore\4.4.15\httpcore-4.4.15.jar;C:\Users\F8365885\.m2\repository\commons-codec\commons-codec\1.15\commons-codec-1.15.jar;C:\Users\F8365885\.m2\repository\org\apache\httpcomponents\httpmime\4.5.13\httpmime-4.5.13.jar;C:\Users\F8365885\.m2\repository\org\hamcrest\hamcrest\2.1\hamcrest-2.1.jar;C:\Users\F8365885\.m2\repository\org\ccil\cowan\tagsoup\tagsoup\1.2.1\tagsoup-1.2.1.jar;C:\Users\F8365885\.m2\repository\io\rest-assured\json-path\4.4.0\json-path-4.4.0.jar;C:\Users\F8365885\.m2\repository\org\codehaus\groovy\groovy-json\3.0.8\groovy-json-3.0.8.jar;C:\Users\F8365885\.m2\repository\io\rest-assured\rest-assured-common\4.4.0\rest-assured-common-4.4.0.jar;C:\Users\F8365885\.m2\repository\io\rest-assured\xml-path\4.4.0\xml-path-4.4.0.jar;C:\Users\F8365885\.m2\repository\org\apache\commons\commons-lang3\3.12.0\commons-lang3-3.12.0.jar;C:\Users\F8365885\.m2\repository\jakarta\xml\bind\jakarta.xml.bind-api\2.3.3\jakarta.xml.bind-api-2.3.3.jar;C:\Users\F8365885\.m2\repository\com\sun\xml\bind\jaxb-impl\2.3.3\jaxb-impl-2.3.3.jar;C:\Users\F8365885\.m2\repository\org\projectlombok\lombok\1.18.24\lombok-1.18.24.jar;C:\Users\F8365885\.m2\repository\io\quarkus\quarkus-hibernate-validator\2.7.6.Final\quarkus-hibernate-validator-2.7.6.Final.jar;C:\Users\F8365885\.m2\repository\org\hibernate\validator\hibernate-validator\6.2.2.Final\hibernate-validator-6.2.2.Final.jar;C:\Users\F8365885\.m2\repository\org\glassfish\jakarta.el\3.0.4\jakarta.el-3.0.4.jar;C:\Users\F8365885\.m2\repository\io\smallrye\config\smallrye-config-validator\2.9.2\smallrye-config-validator-2.9.2.jar;"/>
    <property name="java.vm.vendor" value="Oracle Corporation"/>
    <property name="sun.arch.data.model" value="64"/>
    <property name="user.variant" value=""/>
    <property name="java.vendor.url" value="https://java.oracle.com/"/>
    <property name="user.timezone" value="America/Sao_Paulo"/>
    <property name="os.name" value="Windows 10"/>
    <property name="java.vm.specification.version" value="14"/>
    <property name="sun.java.launcher" value="SUN_STANDARD"/>
    <property name="user.country" value="BR"/>
    <property name="sun.boot.library.path" value="C:\Users\F8365885\.aic-alfred\jdk_versions\jdk-14.0.2\bin"/>
    <property name="sun.java.command" value="C:\Users\F8365885\AppData\Local\Temp\surefire10807380354212251264\surefirebooter17889467790582563879.jar C:\Users\F8365885\AppData\Local\Temp\surefire10807380354212251264 2022-08-31T13-48-05_691-jvmRun1 surefire16736546602843134803tmp surefire_04795337630425478924tmp"/>
    <property name="maven.home" value="C:\Users\F8365885\.aic-alfred\mvn_versions\apache-maven-3.8.1\bin\.."/>
    <property name="jdk.debug" value="release"/>
    <property name="surefire.test.class.path" value="C:\Users\F8365885\Desafio - Trainee\LetsCode\helloAPI-quarkus\target\test-classes;C:\Users\F8365885\Desafio - Trainee\LetsCode\helloAPI-quarkus\target\classes;C:\Users\F8365885\.m2\repository\io\quarkus\quarkus-resteasy\2.7.6.Final\quarkus-resteasy-2.7.6.Final.jar;C:\Users\F8365885\.m2\repository\io\quarkus\quarkus-vertx-http\2.7.6.Final\quarkus-vertx-http-2.7.6.Final.jar;C:\Users\F8365885\.m2\repository\io\quarkus\quarkus-security-runtime-spi\2.7.6.Final\quarkus-security-runtime-spi-2.7.6.Final.jar;C:\Users\F8365885\.m2\repository\io\quarkus\quarkus-mutiny\2.7.6.Final\quarkus-mutiny-2.7.6.Final.jar;C:\Users\F8365885\.m2\repository\io\quarkus\quarkus-smallrye-context-propagation\2.7.6.Final\quarkus-smallrye-context-propagation-2.7.6.Final.jar;C:\Users\F8365885\.m2\repository\io\smallrye\smallrye-context-propagation\1.2.2\smallrye-context-propagation-1.2.2.jar;C:\Users\F8365885\.m2\repository\io\smallrye\smallrye-context-propagation-api\1.2.2\smallrye-context-propagation-api-1.2.2.jar;C:\Users\F8365885\.m2\repository\io\smallrye\smallrye-context-propagation-storage\1.2.2\smallrye-context-propagation-storage-1.2.2.jar;C:\Users\F8365885\.m2\repository\io\smallrye\reactive\mutiny-smallrye-context-propagation\1.4.0\mutiny-smallrye-context-propagation-1.4.0.jar;C:\Users\F8365885\.m2\repository\io\smallrye\common\smallrye-common-vertx-context\1.10.0\smallrye-common-vertx-context-1.10.0.jar;C:\Users\F8365885\.m2\repository\io\smallrye\common\smallrye-common-constraint\1.10.0\smallrye-common-constraint-1.10.0.jar;C:\Users\F8365885\.m2\repository\io\quarkus\quarkus-vertx-http-dev-console-runtime-spi\2.7.6.Final\quarkus-vertx-http-dev-console-runtime-spi-2.7.6.Final.jar;C:\Users\F8365885\.m2\repository\io\quarkus\quarkus-vertx\2.7.6.Final\quarkus-vertx-2.7.6.Final.jar;C:\Users\F8365885\.m2\repository\io\quarkus\quarkus-netty\2.7.6.Final\quarkus-netty-2.7.6.Final.jar;C:\Users\F8365885\.m2\repository\io\netty\netty-codec-haproxy\4.1.74.Final\netty-codec-haproxy-4.1.74.Final.jar;C:\Users\F8365885\.m2\repository\io\smallrye\common\smallrye-common-annotation\1.10.0\smallrye-common-annotation-1.10.0.jar;C:\Users\F8365885\.m2\repository\io\smallrye\reactive\smallrye-mutiny-vertx-core\2.21.0\smallrye-mutiny-vertx-core-2.21.0.jar;C:\Users\F8365885\.m2\repository\io\smallrye\reactive\smallrye-mutiny-vertx-runtime\2.21.0\smallrye-mutiny-vertx-runtime-2.21.0.jar;C:\Users\F8365885\.m2\repository\io\smallrye\reactive\vertx-mutiny-generator\2.21.0\vertx-mutiny-generator-2.21.0.jar;C:\Users\F8365885\.m2\repository\io\vertx\vertx-codegen\4.2.7\vertx-codegen-4.2.7.jar;C:\Users\F8365885\.m2\repository\io\smallrye\smallrye-fault-tolerance-vertx\5.2.1\smallrye-fault-tolerance-vertx-5.2.1.jar;C:\Users\F8365885\.m2\repository\io\smallrye\reactive\smallrye-mutiny-vertx-web\2.21.0\smallrye-mutiny-vertx-web-2.21.0.jar;C:\Users\F8365885\.m2\repository\io\smallrye\reactive\smallrye-mutiny-vertx-web-common\2.21.0\smallrye-mutiny-vertx-web-common-2.21.0.jar;C:\Users\F8365885\.m2\repository\io\smallrye\reactive\smallrye-mutiny-vertx-auth-common\2.21.0\smallrye-mutiny-vertx-auth-common-2.21.0.jar;C:\Users\F8365885\.m2\repository\io\smallrye\reactive\smallrye-mutiny-vertx-bridge-common\2.21.0\smallrye-mutiny-vertx-bridge-common-2.21.0.jar;C:\Users\F8365885\.m2\repository\io\vertx\vertx-web\4.2.7\vertx-web-4.2.7.jar;C:\Users\F8365885\.m2\repository\io\vertx\vertx-web-common\4.2.7\vertx-web-common-4.2.7.jar;C:\Users\F8365885\.m2\repository\io\vertx\vertx-auth-common\4.2.7\vertx-auth-common-4.2.7.jar;C:\Users\F8365885\.m2\repository\io\vertx\vertx-bridge-common\4.2.7\vertx-bridge-common-4.2.7.jar;C:\Users\F8365885\.m2\repository\io\quarkus\quarkus-resteasy-server-common\2.7.6.Final\quarkus-resteasy-server-common-2.7.6.Final.jar;C:\Users\F8365885\.m2\repository\io\quarkus\quarkus-resteasy-common\2.7.6.Final\quarkus-resteasy-common-2.7.6.Final.jar;C:\Users\F8365885\.m2\repository\org\jboss\resteasy\resteasy-core\4.7.5.Final\resteasy-core-4.7.5.Final.jar;C:\Users\F8365885\.m2\repository\org\jboss\spec\javax\ws\rs\jboss-jaxrs-api_2.1_spec\2.0.1.Final\jboss-jaxrs-api_2.1_spec-2.0.1.Final.jar;C:\Users\F8365885\.m2\repository\org\jboss\resteasy\resteasy-core-spi\4.7.5.Final\resteasy-core-spi-4.7.5.Final.jar;C:\Users\F8365885\.m2\repository\com\ibm\async\asyncutil\0.1.0\asyncutil-0.1.0.jar;C:\Users\F8365885\.m2\repository\jakarta\validation\jakarta.validation-api\2.0.2\jakarta.validation-api-2.0.2.jar;C:\Users\F8365885\.m2\repository\io\quarkus\quarkus-arc\2.7.6.Final\quarkus-arc-2.7.6.Final.jar;C:\Users\F8365885\.m2\repository\io\quarkus\arc\arc\2.7.6.Final\arc-2.7.6.Final.jar;C:\Users\F8365885\.m2\repository\io\quarkus\quarkus-core\2.7.6.Final\quarkus-core-2.7.6.Final.jar;C:\Users\F8365885\.m2\repository\jakarta\inject\jakarta.inject-api\1.0\jakarta.inject-api-1.0.jar;C:\Users\F8365885\.m2\repository\io\quarkus\quarkus-ide-launcher\2.7.6.Final\quarkus-ide-launcher-2.7.6.Final.jar;C:\Users\F8365885\.m2\repository\io\quarkus\quarkus-development-mode-spi\2.7.6.Final\quarkus-development-mode-spi-2.7.6.Final.jar;C:\Users\F8365885\.m2\repository\io\smallrye\config\smallrye-config\2.9.2\smallrye-config-2.9.2.jar;C:\Users\F8365885\.m2\repository\io\smallrye\config\smallrye-config-core\2.9.2\smallrye-config-core-2.9.2.jar;C:\Users\F8365885\.m2\repository\org\eclipse\microprofile\config\microprofile-config-api\2.0.1\microprofile-config-api-2.0.1.jar;C:\Users\F8365885\.m2\repository\io\smallrye\common\smallrye-common-expression\1.10.0\smallrye-common-expression-1.10.0.jar;C:\Users\F8365885\.m2\repository\io\smallrye\common\smallrye-common-function\1.10.0\smallrye-common-function-1.10.0.jar;C:\Users\F8365885\.m2\repository\io\smallrye\common\smallrye-common-classloader\1.10.0\smallrye-common-classloader-1.10.0.jar;C:\Users\F8365885\.m2\repository\io\smallrye\config\smallrye-config-common\2.9.2\smallrye-config-common-2.9.2.jar;C:\Users\F8365885\.m2\repository\org\jboss\logmanager\jboss-logmanager-embedded\1.0.9\jboss-logmanager-embedded-1.0.9.jar;C:\Users\F8365885\.m2\repository\org\jboss\logging\jboss-logging-annotations\2.2.1.Final\jboss-logging-annotations-2.2.1.Final.jar;C:\Users\F8365885\.m2\repository\org\jboss\threads\jboss-threads\3.4.2.Final\jboss-threads-3.4.2.Final.jar;C:\Users\F8365885\.m2\repository\org\slf4j\slf4j-api\1.7.33\slf4j-api-1.7.33.jar;C:\Users\F8365885\.m2\repository\org\jboss\slf4j\slf4j-jboss-logmanager\1.1.0.Final\slf4j-jboss-logmanager-1.1.0.Final.jar;C:\Users\F8365885\.m2\repository\org\graalvm\sdk\graal-sdk\21.3.2\graal-sdk-21.3.2.jar;C:\Users\F8365885\.m2\repository\org\wildfly\common\wildfly-common\1.5.4.Final-format-001\wildfly-common-1.5.4.Final-format-001.jar;C:\Users\F8365885\.m2\repository\io\quarkus\quarkus-bootstrap-runner\2.7.6.Final\quarkus-bootstrap-runner-2.7.6.Final.jar;C:\Users\F8365885\.m2\repository\io\quarkus\quarkus-fs-util\0.0.9\quarkus-fs-util-0.0.9.jar;C:\Users\F8365885\.m2\repository\org\eclipse\microprofile\context-propagation\microprofile-context-propagation-api\1.2\microprofile-context-propagation-api-1.2.jar;C:\Users\F8365885\.m2\repository\io\quarkus\quarkus-rest-client-jackson\2.7.6.Final\quarkus-rest-client-jackson-2.7.6.Final.jar;C:\Users\F8365885\.m2\repository\io\quarkus\quarkus-rest-client\2.7.6.Final\quarkus-rest-client-2.7.6.Final.jar;C:\Users\F8365885\.m2\repository\io\quarkus\quarkus-apache-httpclient\2.7.6.Final\quarkus-apache-httpclient-2.7.6.Final.jar;C:\Users\F8365885\.m2\repository\io\quarkus\quarkus-rest-client-config\2.7.6.Final\quarkus-rest-client-config-2.7.6.Final.jar;C:\Users\F8365885\.m2\repository\org\eclipse\microprofile\rest\client\microprofile-rest-client-api\2.0\microprofile-rest-client-api-2.0.jar;C:\Users\F8365885\.m2\repository\org\jboss\resteasy\resteasy-client-microprofile\4.7.5.Final\resteasy-client-microprofile-4.7.5.Final.jar;C:\Users\F8365885\.m2\repository\org\jboss\resteasy\resteasy-client-microprofile-base\4.7.5.Final\resteasy-client-microprofile-base-4.7.5.Final.jar;C:\Users\F8365885\.m2\repository\org\jboss\resteasy\resteasy-client\4.7.5.Final\resteasy-client-4.7.5.Final.jar;C:\Users\F8365885\.m2\repository\org\jboss\resteasy\resteasy-client-api\4.7.5.Final\resteasy-client-api-4.7.5.Final.jar;C:\Users\F8365885\.m2\repository\commons-io\commons-io\2.11.0\commons-io-2.11.0.jar;C:\Users\F8365885\.m2\repository\org\jboss\resteasy\resteasy-cdi\4.7.5.Final\resteasy-cdi-4.7.5.Final.jar;C:\Users\F8365885\.m2\repository\jakarta\interceptor\jakarta.interceptor-api\1.2.5\jakarta.interceptor-api-1.2.5.jar;C:\Users\F8365885\.m2\repository\org\apache\httpcomponents\httpasyncclient\4.1.5\httpasyncclient-4.1.5.jar;C:\Users\F8365885\.m2\repository\org\apache\httpcomponents\httpcore-nio\4.4.15\httpcore-nio-4.4.15.jar;C:\Users\F8365885\.m2\repository\io\quarkus\quarkus-jackson\2.7.6.Final\quarkus-jackson-2.7.6.Final.jar;C:\Users\F8365885\.m2\repository\com\fasterxml\jackson\core\jackson-databind\2.13.3\jackson-databind-2.13.3.jar;C:\Users\F8365885\.m2\repository\com\fasterxml\jackson\datatype\jackson-datatype-jsr310\2.13.3\jackson-datatype-jsr310-2.13.3.jar;C:\Users\F8365885\.m2\repository\com\fasterxml\jackson\datatype\jackson-datatype-jdk8\2.13.3\jackson-datatype-jdk8-2.13.3.jar;C:\Users\F8365885\.m2\repository\com\fasterxml\jackson\module\jackson-module-parameter-names\2.13.3\jackson-module-parameter-names-2.13.3.jar;C:\Users\F8365885\.m2\repository\org\jboss\resteasy\resteasy-jackson2-provider\4.7.5.Final\resteasy-jackson2-provider-4.7.5.Final.jar;C:\Users\F8365885\.m2\repository\com\fasterxml\jackson\core\jackson-core\2.13.3\jackson-core-2.13.3.jar;C:\Users\F8365885\.m2\repository\com\fasterxml\jackson\core\jackson-annotations\2.13.3\jackson-annotations-2.13.3.jar;C:\Users\F8365885\.m2\repository\com\fasterxml\jackson\jaxrs\jackson-jaxrs-json-provider\2.13.3\jackson-jaxrs-json-provider-2.13.3.jar;C:\Users\F8365885\.m2\repository\com\fasterxml\jackson\jaxrs\jackson-jaxrs-base\2.13.3\jackson-jaxrs-base-2.13.3.jar;C:\Users\F8365885\.m2\repository\com\fasterxml\jackson\module\jackson-module-jaxb-annotations\2.13.3\jackson-module-jaxb-annotations-2.13.3.jar;C:\Users\F8365885\.m2\repository\com\github\java-json-tools\json-patch\1.13\json-patch-1.13.jar;C:\Users\F8365885\.m2\repository\com\github\java-json-tools\msg-simple\1.2\msg-simple-1.2.jar;C:\Users\F8365885\.m2\repository\com\github\java-json-tools\btf\1.3\btf-1.3.jar;C:\Users\F8365885\.m2\repository\com\github\java-json-tools\jackson-coreutils\2.0\jackson-coreutils-2.0.jar;C:\Users\F8365885\.m2\repository\org\jboss\spec\javax\xml\bind\jboss-jaxb-api_2.3_spec\2.0.0.Final\jboss-jaxb-api_2.3_spec-2.0.0.Final.jar;C:\Users\F8365885\.m2\repository\org\jboss\logging\commons-logging-jboss-logging\1.0.0.Final\commons-logging-jboss-logging-1.0.0.Final.jar;C:\Users\F8365885\.m2\repository\org\jboss\logging\jboss-logging\3.4.3.Final\jboss-logging-3.4.3.Final.jar;C:\Users\F8365885\.m2\repository\io\quarkus\quarkus-hibernate-orm\2.7.6.Final\quarkus-hibernate-orm-2.7.6.Final.jar;C:\Users\F8365885\.m2\repository\io\quarkus\quarkus-agroal\2.7.6.Final\quarkus-agroal-2.7.6.Final.jar;C:\Users\F8365885\.m2\repository\io\quarkus\quarkus-datasource\2.7.6.Final\quarkus-datasource-2.7.6.Final.jar;C:\Users\F8365885\.m2\repository\io\quarkus\quarkus-datasource-common\2.7.6.Final\quarkus-datasource-common-2.7.6.Final.jar;C:\Users\F8365885\.m2\repository\org\jboss\narayana\jta\narayana-jta\5.12.4.Final\narayana-jta-5.12.4.Final.jar;C:\Users\F8365885\.m2\repository\org\jboss\jboss-transaction-spi\7.6.0.Final\jboss-transaction-spi-7.6.0.Final.jar;C:\Users\F8365885\.m2\repository\org\jboss\spec\javax\resource\jboss-connector-api_1.7_spec\1.0.0.Final\jboss-connector-api_1.7_spec-1.0.0.Final.jar;C:\Users\F8365885\.m2\repository\org\jboss\narayana\jts\narayana-jts-integration\5.12.4.Final\narayana-jts-integration-5.12.4.Final.jar;C:\Users\F8365885\.m2\repository\io\agroal\agroal-api\1.15\agroal-api-1.15.jar;C:\Users\F8365885\.m2\repository\io\agroal\agroal-narayana\1.15\agroal-narayana-1.15.jar;C:\Users\F8365885\.m2\repository\io\agroal\agroal-pool\1.15\agroal-pool-1.15.jar;C:\Users\F8365885\.m2\repository\io\quarkus\quarkus-credentials\2.7.6.Final\quarkus-credentials-2.7.6.Final.jar;C:\Users\F8365885\.m2\repository\io\quarkus\quarkus-narayana-jta\2.7.6.Final\quarkus-narayana-jta-2.7.6.Final.jar;C:\Users\F8365885\.m2\repository\io\smallrye\smallrye-context-propagation-jta\1.2.2\smallrye-context-propagation-jta-1.2.2.jar;C:\Users\F8365885\.m2\repository\io\smallrye\reactive\smallrye-reactive-converter-api\2.7.0\smallrye-reactive-converter-api-2.7.0.jar;C:\Users\F8365885\.m2\repository\org\reactivestreams\reactive-streams\1.0.3\reactive-streams-1.0.3.jar;C:\Users\F8365885\.m2\repository\io\smallrye\reactive\smallrye-reactive-converter-mutiny\2.7.0\smallrye-reactive-converter-mutiny-2.7.0.jar;C:\Users\F8365885\.m2\repository\org\hibernate\hibernate-core\5.6.5.Final\hibernate-core-5.6.5.Final.jar;C:\Users\F8365885\.m2\repository\net\bytebuddy\byte-buddy\1.12.9\byte-buddy-1.12.9.jar;C:\Users\F8365885\.m2\repository\antlr\antlr\2.7.7\antlr-2.7.7.jar;C:\Users\F8365885\.m2\repository\com\fasterxml\classmate\1.5.1\classmate-1.5.1.jar;C:\Users\F8365885\.m2\repository\org\hibernate\common\hibernate-commons-annotations\5.1.2.Final\hibernate-commons-annotations-5.1.2.Final.jar;C:\Users\F8365885\.m2\repository\org\hibernate\hibernate-graalvm\5.6.5.Final\hibernate-graalvm-5.6.5.Final.jar;C:\Users\F8365885\.m2\repository\org\glassfish\jaxb\jaxb-runtime\2.3.3-b02\jaxb-runtime-2.3.3-b02.jar;C:\Users\F8365885\.m2\repository\org\glassfish\jaxb\txw2\2.3.3-b02\txw2-2.3.3-b02.jar;C:\Users\F8365885\.m2\repository\com\sun\istack\istack-commons-runtime\3.0.10\istack-commons-runtime-3.0.10.jar;C:\Users\F8365885\.m2\repository\com\sun\activation\jakarta.activation\1.2.1\jakarta.activation-1.2.1.jar;C:\Users\F8365885\.m2\repository\jakarta\persistence\jakarta.persistence-api\2.2.3\jakarta.persistence-api-2.2.3.jar;C:\Users\F8365885\.m2\repository\jakarta\transaction\jakarta.transaction-api\1.3.3\jakarta.transaction-api-1.3.3.jar;C:\Users\F8365885\.m2\repository\org\hibernate\quarkus-local-cache\0.1.0\quarkus-local-cache-0.1.0.jar;C:\Users\F8365885\.m2\repository\com\github\ben-manes\caffeine\caffeine\2.9.3\caffeine-2.9.3.jar;C:\Users\F8365885\.m2\repository\com\google\errorprone\error_prone_annotations\2.10.0\error_prone_annotations-2.10.0.jar;C:\Users\F8365885\.m2\repository\io\quarkus\quarkus-caffeine\2.7.6.Final\quarkus-caffeine-2.7.6.Final.jar;C:\Users\F8365885\.m2\repository\io\quarkus\quarkus-jdbc-h2\2.7.6.Final\quarkus-jdbc-h2-2.7.6.Final.jar;C:\Users\F8365885\.m2\repository\com\h2database\h2\1.4.197\h2-1.4.197.jar;C:\Users\F8365885\.m2\repository\org\locationtech\jts\jts-core\1.15.0\jts-core-1.15.0.jar;C:\Users\F8365885\.m2\repository\io\quarkus\quarkus-undertow\2.7.6.Final\quarkus-undertow-2.7.6.Final.jar;C:\Users\F8365885\.m2\repository\io\quarkus\security\quarkus-security\1.1.4.Final\quarkus-security-1.1.4.Final.jar;C:\Users\F8365885\.m2\repository\io\smallrye\reactive\mutiny\1.4.0\mutiny-1.4.0.jar;C:\Users\F8365885\.m2\repository\jakarta\enterprise\jakarta.enterprise.cdi-api\2.0.2\jakarta.enterprise.cdi-api-2.0.2.jar;C:\Users\F8365885\.m2\repository\jakarta\el\jakarta.el-api\3.0.3\jakarta.el-api-3.0.3.jar;C:\Users\F8365885\.m2\repository\io\quarkus\http\quarkus-http-servlet\4.1.7\quarkus-http-servlet-4.1.7.jar;C:\Users\F8365885\.m2\repository\jakarta\servlet\jakarta.servlet-api\4.0.3\jakarta.servlet-api-4.0.3.jar;C:\Users\F8365885\.m2\repository\jakarta\annotation\jakarta.annotation-api\1.3.5\jakarta.annotation-api-1.3.5.jar;C:\Users\F8365885\.m2\repository\io\quarkus\http\quarkus-http-vertx-backend\4.1.7\quarkus-http-vertx-backend-4.1.7.jar;C:\Users\F8365885\.m2\repository\io\vertx\vertx-core\4.2.7\vertx-core-4.2.7.jar;C:\Users\F8365885\.m2\repository\io\netty\netty-common\4.1.74.Final\netty-common-4.1.74.Final.jar;C:\Users\F8365885\.m2\repository\io\netty\netty-buffer\4.1.74.Final\netty-buffer-4.1.74.Final.jar;C:\Users\F8365885\.m2\repository\io\netty\netty-transport\4.1.74.Final\netty-transport-4.1.74.Final.jar;C:\Users\F8365885\.m2\repository\io\netty\netty-handler\4.1.74.Final\netty-handler-4.1.74.Final.jar;C:\Users\F8365885\.m2\repository\io\netty\netty-tcnative-classes\2.0.48.Final\netty-tcnative-classes-2.0.48.Final.jar;C:\Users\F8365885\.m2\repository\io\netty\netty-handler-proxy\4.1.74.Final\netty-handler-proxy-4.1.74.Final.jar;C:\Users\F8365885\.m2\repository\io\netty\netty-codec-socks\4.1.74.Final\netty-codec-socks-4.1.74.Final.jar;C:\Users\F8365885\.m2\repository\io\netty\netty-codec-http2\4.1.74.Final\netty-codec-http2-4.1.74.Final.jar;C:\Users\F8365885\.m2\repository\io\netty\netty-resolver\4.1.74.Final\netty-resolver-4.1.74.Final.jar;C:\Users\F8365885\.m2\repository\io\netty\netty-resolver-dns\4.1.74.Final\netty-resolver-dns-4.1.74.Final.jar;C:\Users\F8365885\.m2\repository\io\netty\netty-codec-dns\4.1.74.Final\netty-codec-dns-4.1.74.Final.jar;C:\Users\F8365885\.m2\repository\io\quarkus\http\quarkus-http-http-core\4.1.7\quarkus-http-http-core-4.1.7.jar;C:\Users\F8365885\.m2\repository\io\quarkus\http\quarkus-http-core\4.1.7\quarkus-http-core-4.1.7.jar;C:\Users\F8365885\.m2\repository\io\netty\netty-codec-http\4.1.74.Final\netty-codec-http-4.1.74.Final.jar;C:\Users\F8365885\.m2\repository\io\netty\netty-codec\4.1.74.Final\netty-codec-4.1.74.Final.jar;C:\Users\F8365885\.m2\repository\io\quarkus\quarkus-junit5\2.7.6.Final\quarkus-junit5-2.7.6.Final.jar;C:\Users\F8365885\.m2\repository\io\quarkus\quarkus-bootstrap-core\2.7.6.Final\quarkus-bootstrap-core-2.7.6.Final.jar;C:\Users\F8365885\.m2\repository\io\quarkus\quarkus-bootstrap-app-model\2.7.6.Final\quarkus-bootstrap-app-model-2.7.6.Final.jar;C:\Users\F8365885\.m2\repository\io\quarkus\quarkus-bootstrap-maven-resolver\2.7.6.Final\quarkus-bootstrap-maven-resolver-2.7.6.Final.jar;C:\Users\F8365885\.m2\repository\org\apache\maven\maven-embedder\3.8.4\maven-embedder-3.8.4.jar;C:\Users\F8365885\.m2\repository\org\apache\maven\maven-settings\3.8.4\maven-settings-3.8.4.jar;C:\Users\F8365885\.m2\repository\org\apache\maven\maven-core\3.8.4\maven-core-3.8.4.jar;C:\Users\F8365885\.m2\repository\org\apache\maven\maven-artifact\3.8.4\maven-artifact-3.8.4.jar;C:\Users\F8365885\.m2\repository\org\codehaus\plexus\plexus-component-annotations\2.1.0\plexus-component-annotations-2.1.0.jar;C:\Users\F8365885\.m2\repository\org\apache\maven\maven-plugin-api\3.8.4\maven-plugin-api-3.8.4.jar;C:\Users\F8365885\.m2\repository\org\apache\maven\maven-model\3.8.4\maven-model-3.8.4.jar;C:\Users\F8365885\.m2\repository\org\apache\maven\maven-model-builder\3.8.4\maven-model-builder-3.8.4.jar;C:\Users\F8365885\.m2\repository\org\apache\maven\maven-builder-support\3.8.4\maven-builder-support-3.8.4.jar;C:\Users\F8365885\.m2\repository\org\apache\maven\resolver\maven-resolver-api\1.6.3\maven-resolver-api-1.6.3.jar;C:\Users\F8365885\.m2\repository\org\apache\maven\resolver\maven-resolver-util\1.6.3\maven-resolver-util-1.6.3.jar;C:\Users\F8365885\.m2\repository\org\apache\maven\shared\maven-shared-utils\3.3.4\maven-shared-utils-3.3.4.jar;C:\Users\F8365885\.m2\repository\com\google\inject\guice\4.2.2\guice-4.2.2-no_aop.jar;C:\Users\F8365885\.m2\repository\com\google\guava\guava\30.1.1-jre\guava-30.1.1-jre.jar;C:\Users\F8365885\.m2\repository\com\google\guava\failureaccess\1.0.1\failureaccess-1.0.1.jar;C:\Users\F8365885\.m2\repository\org\codehaus\plexus\plexus-classworlds\2.6.0\plexus-classworlds-2.6.0.jar;C:\Users\F8365885\.m2\repository\org\codehaus\plexus\plexus-sec-dispatcher\2.0\plexus-sec-dispatcher-2.0.jar;C:\Users\F8365885\.m2\repository\org\codehaus\plexus\plexus-cipher\2.0\plexus-cipher-2.0.jar;C:\Users\F8365885\.m2\repository\commons-cli\commons-cli\1.4\commons-cli-1.4.jar;C:\Users\F8365885\.m2\repository\org\eclipse\sisu\org.eclipse.sisu.plexus\0.3.5\org.eclipse.sisu.plexus-0.3.5.jar;C:\Users\F8365885\.m2\repository\org\apache\maven\maven-settings-builder\3.8.4\maven-settings-builder-3.8.4.jar;C:\Users\F8365885\.m2\repository\org\codehaus\plexus\plexus-interpolation\1.26\plexus-interpolation-1.26.jar;C:\Users\F8365885\.m2\repository\org\apache\maven\maven-resolver-provider\3.8.4\maven-resolver-provider-3.8.4.jar;C:\Users\F8365885\.m2\repository\org\apache\maven\maven-repository-metadata\3.8.4\maven-repository-metadata-3.8.4.jar;C:\Users\F8365885\.m2\repository\org\apache\maven\resolver\maven-resolver-spi\1.6.3\maven-resolver-spi-1.6.3.jar;C:\Users\F8365885\.m2\repository\org\apache\maven\resolver\maven-resolver-impl\1.6.3\maven-resolver-impl-1.6.3.jar;C:\Users\F8365885\.m2\repository\org\codehaus\plexus\plexus-utils\3.3.0\plexus-utils-3.3.0.jar;C:\Users\F8365885\.m2\repository\org\apache\maven\resolver\maven-resolver-connector-basic\1.6.3\maven-resolver-connector-basic-1.6.3.jar;C:\Users\F8365885\.m2\repository\org\apache\maven\resolver\maven-resolver-transport-wagon\1.6.3\maven-resolver-transport-wagon-1.6.3.jar;C:\Users\F8365885\.m2\repository\org\apache\maven\wagon\wagon-http\3.4.3\wagon-http-3.4.3.jar;C:\Users\F8365885\.m2\repository\org\apache\maven\wagon\wagon-http-shared\3.4.3\wagon-http-shared-3.4.3.jar;C:\Users\F8365885\.m2\repository\org\jsoup\jsoup\1.14.2\jsoup-1.14.2.jar;C:\Users\F8365885\.m2\repository\org\apache\maven\wagon\wagon-provider-api\3.4.3\wagon-provider-api-3.4.3.jar;C:\Users\F8365885\.m2\repository\org\apache\maven\wagon\wagon-file\3.4.3\wagon-file-3.4.3.jar;C:\Users\F8365885\.m2\repository\io\quarkus\quarkus-bootstrap-gradle-resolver\2.7.6.Final\quarkus-bootstrap-gradle-resolver-2.7.6.Final.jar;C:\Users\F8365885\.m2\repository\io\smallrye\common\smallrye-common-io\1.10.0\smallrye-common-io-1.10.0.jar;C:\Users\F8365885\.m2\repository\org\eclipse\sisu\org.eclipse.sisu.inject\0.3.5\org.eclipse.sisu.inject-0.3.5.jar;C:\Users\F8365885\.m2\repository\io\quarkus\quarkus-test-common\2.7.6.Final\quarkus-test-common-2.7.6.Final.jar;C:\Users\F8365885\.m2\repository\io\quarkus\quarkus-core-deployment\2.7.6.Final\quarkus-core-deployment-2.7.6.Final.jar;C:\Users\F8365885\.m2\repository\org\aesh\readline\2.2\readline-2.2.jar;C:\Users\F8365885\.m2\repository\org\fusesource\jansi\jansi\1.18\jansi-1.18.jar;C:\Users\F8365885\.m2\repository\org\aesh\aesh\2.6\aesh-2.6.jar;C:\Users\F8365885\.m2\repository\io\quarkus\gizmo\gizmo\1.0.10.Final\gizmo-1.0.10.Final.jar;C:\Users\F8365885\.m2\repository\org\ow2\asm\asm-util\9.2\asm-util-9.2.jar;C:\Users\F8365885\.m2\repository\org\ow2\asm\asm\9.2\asm-9.2.jar;C:\Users\F8365885\.m2\repository\org\ow2\asm\asm-commons\9.2\asm-commons-9.2.jar;C:\Users\F8365885\.m2\repository\org\ow2\asm\asm-tree\9.2\asm-tree-9.2.jar;C:\Users\F8365885\.m2\repository\org\ow2\asm\asm-analysis\9.2\asm-analysis-9.2.jar;C:\Users\F8365885\.m2\repository\io\quarkus\quarkus-class-change-agent\2.7.6.Final\quarkus-class-change-agent-2.7.6.Final.jar;C:\Users\F8365885\.m2\repository\io\quarkus\quarkus-devtools-utilities\2.7.6.Final\quarkus-devtools-utilities-2.7.6.Final.jar;C:\Users\F8365885\.m2\repository\io\quarkus\quarkus-builder\2.7.6.Final\quarkus-builder-2.7.6.Final.jar;C:\Users\F8365885\.m2\repository\org\junit\platform\junit-platform-launcher\1.8.2\junit-platform-launcher-1.8.2.jar;C:\Users\F8365885\.m2\repository\io\quarkus\quarkus-jsonp-deployment\2.7.6.Final\quarkus-jsonp-deployment-2.7.6.Final.jar;C:\Users\F8365885\.m2\repository\io\quarkus\quarkus-jsonp\2.7.6.Final\quarkus-jsonp-2.7.6.Final.jar;C:\Users\F8365885\.m2\repository\org\glassfish\jakarta.json\1.1.6\jakarta.json-1.1.6.jar;C:\Users\F8365885\.m2\repository\org\jboss\jandex\2.4.2.Final\jandex-2.4.2.Final.jar;C:\Users\F8365885\.m2\repository\io\quarkus\quarkus-junit5-properties\2.7.6.Final\quarkus-junit5-properties-2.7.6.Final.jar;C:\Users\F8365885\.m2\repository\org\junit\jupiter\junit-jupiter\5.8.2\junit-jupiter-5.8.2.jar;C:\Users\F8365885\.m2\repository\org\junit\jupiter\junit-jupiter-api\5.8.2\junit-jupiter-api-5.8.2.jar;C:\Users\F8365885\.m2\repository\org\opentest4j\opentest4j\1.2.0\opentest4j-1.2.0.jar;C:\Users\F8365885\.m2\repository\org\junit\platform\junit-platform-commons\1.8.2\junit-platform-commons-1.8.2.jar;C:\Users\F8365885\.m2\repository\org\apiguardian\apiguardian-api\1.1.2\apiguardian-api-1.1.2.jar;C:\Users\F8365885\.m2\repository\org\junit\jupiter\junit-jupiter-params\5.8.2\junit-jupiter-params-5.8.2.jar;C:\Users\F8365885\.m2\repository\org\junit\jupiter\junit-jupiter-engine\5.8.2\junit-jupiter-engine-5.8.2.jar;C:\Users\F8365885\.m2\repository\org\junit\platform\junit-platform-engine\1.8.2\junit-platform-engine-1.8.2.jar;C:\Users\F8365885\.m2\repository\com\thoughtworks\xstream\xstream\1.4.19\xstream-1.4.19.jar;C:\Users\F8365885\.m2\repository\io\github\x-stream\mxparser\1.2.2\mxparser-1.2.2.jar;C:\Users\F8365885\.m2\repository\xmlpull\xmlpull\1.1.3.1\xmlpull-1.1.3.1.jar;C:\Users\F8365885\.m2\repository\io\rest-assured\rest-assured\4.4.0\rest-assured-4.4.0.jar;C:\Users\F8365885\.m2\repository\org\codehaus\groovy\groovy\3.0.8\groovy-3.0.8.jar;C:\Users\F8365885\.m2\repository\org\codehaus\groovy\groovy-xml\3.0.8\groovy-xml-3.0.8.jar;C:\Users\F8365885\.m2\repository\org\apache\httpcomponents\httpclient\4.5.13\httpclient-4.5.13.jar;C:\Users\F8365885\.m2\repository\org\apache\httpcomponents\httpcore\4.4.15\httpcore-4.4.15.jar;C:\Users\F8365885\.m2\repository\commons-codec\commons-codec\1.15\commons-codec-1.15.jar;C:\Users\F8365885\.m2\repository\org\apache\httpcomponents\httpmime\4.5.13\httpmime-4.5.13.jar;C:\Users\F8365885\.m2\repository\org\hamcrest\hamcrest\2.1\hamcrest-2.1.jar;C:\Users\F8365885\.m2\repository\org\ccil\cowan\tagsoup\tagsoup\1.2.1\tagsoup-1.2.1.jar;C:\Users\F8365885\.m2\repository\io\rest-assured\json-path\4.4.0\json-path-4.4.0.jar;C:\Users\F8365885\.m2\repository\org\codehaus\groovy\groovy-json\3.0.8\groovy-json-3.0.8.jar;C:\Users\F8365885\.m2\repository\io\rest-assured\rest-assured-common\4.4.0\rest-assured-common-4.4.0.jar;C:\Users\F8365885\.m2\repository\io\rest-assured\xml-path\4.4.0\xml-path-4.4.0.jar;C:\Users\F8365885\.m2\repository\org\apache\commons\commons-lang3\3.12.0\commons-lang3-3.12.0.jar;C:\Users\F8365885\.m2\repository\jakarta\xml\bind\jakarta.xml.bind-api\2.3.3\jakarta.xml.bind-api-2.3.3.jar;C:\Users\F8365885\.m2\repository\com\sun\xml\bind\jaxb-impl\2.3.3\jaxb-impl-2.3.3.jar;C:\Users\F8365885\.m2\repository\org\projectlombok\lombok\1.18.24\lombok-1.18.24.jar;C:\Users\F8365885\.m2\repository\io\quarkus\quarkus-hibernate-validator\2.7.6.Final\quarkus-hibernate-validator-2.7.6.Final.jar;C:\Users\F8365885\.m2\repository\org\hibernate\validator\hibernate-validator\6.2.2.Final\hibernate-validator-6.2.2.Final.jar;C:\Users\F8365885\.m2\repository\org\glassfish\jakarta.el\3.0.4\jakarta.el-3.0.4.jar;C:\Users\F8365885\.m2\repository\io\smallrye\config\smallrye-config-validator\2.9.2\smallrye-config-validator-2.9.2.jar;"/>
    <property name="sun.cpu.endian" value="little"/>
    <property name="user.home" value="C:\Users\F8365885"/>
    <property name="user.language" value="pt"/>
    <property name="java.specification.vendor" value="Oracle Corporation"/>
    <property name="io.netty.allocator.maxOrder" value="3"/>
    <property name="java.version.date" value="2020-07-14"/>
    <property name="java.home" value="C:\Users\F8365885\.aic-alfred\jdk_versions\jdk-14.0.2"/>
    <property name="file.separator" value="\"/>
    <property name="basedir" value="C:\Users\F8365885\Desafio - Trainee\LetsCode\helloAPI-quarkus"/>
    <property name="java.vm.compressedOopsMode" value="Zero based"/>
    <property name="line.separator" value="&#10;"/>
    <property name="java.vm.specification.vendor" value="Oracle Corporation"/>
    <property name="java.specification.name" value="Java Platform API Specification"/>
    <property name="surefire.real.class.path" value="C:\Users\F8365885\AppData\Local\Temp\surefire10807380354212251264\surefirebooter17889467790582563879.jar"/>
    <property name="user.script" value=""/>
    <property name="sun.management.compiler" value="HotSpot 64-Bit Tiered Compilers"/>
    <property name="java.runtime.version" value="14.0.2+12-46"/>
    <property name="user.name" value="F8365885"/>
    <property name="path.separator" value=";"/>
    <property name="os.version" value="10.0"/>
    <property name="java.runtime.name" value="OpenJDK Runtime Environment"/>
    <property name="file.encoding" value="Cp1252"/>
    <property name="java.vm.name" value="OpenJDK 64-Bit Server VM"/>
    <property name="localRepository" value="C:\Users\F8365885\.m2\repository"/>
    <property name="java.vendor.url.bug" value="https://bugreport.java.com/bugreport/"/>
    <property name="java.io.tmpdir" value="C:\Users\F8365885\AppData\Local\Temp\"/>
    <property name="quarkus.log.file.path" value="target\quarkus.log"/>
    <property name="java.version" value="14.0.2"/>
    <property name="java.util.concurrent.ForkJoinPool.common.threadFactory" value="io.quarkus.bootstrap.forkjoin.QuarkusForkJoinWorkerThreadFactory"/>
    <property name="user.dir" value="C:\Users\F8365885\Desafio - Trainee\LetsCode\helloAPI-quarkus"/>
    <property name="os.arch" value="amd64"/>
    <property name="hibernate.bytecode.provider" value="none"/>
    <property name="java.vm.specification.name" value="Java Virtual Machine Specification"/>
    <property name="vertx.disableDnsResolver" value="true"/>
    <property name="sun.os.patch.level" value=""/>
    <property name="java.util.logging.manager" value="org.jboss.logmanager.LogManager"/>
    <property name="java.library.path" value="C:\Users\F8365885\.aic-alfred\jdk_versions\jdk-14.0.2\bin;C:\Windows\Sun\Java\bin;C:\Windows\system32;C:\Windows;C:\Users\F8365885\.aic-alfred\mvn_versions\apache-maven-3.8.1\bin;C:\ProgramData\Oracle\Java\javapath;C:\Users\F8365885\jdk\bin;C:\Windows\system32;C:\Windows;C:\Windows\System32\Wbem;C:\Windows\System32\WindowsPowerShell\v1.0\;C:\Windows\System32\OpenSSH\;C:\HashiCorp\Vagrant\bin;C:\Users\F8365885\AppData\Local\Microsoft\WindowsApps;C:\Users\F8365885\AppData\Local\Programs\Microsoft VS Code\bin;C:\Users\F8365885\AppData\Local\Programs\Git\cmd;C:\Users\F8365885\node;C:\Users\F8365885\AppData\Local\JetBrains\Toolbox\scripts;C:\Users\F8365885\.aic-alfred\bin;."/>
    <property name="java.vm.info" value="mixed mode, sharing"/>
    <property name="java.vendor" value="Oracle Corporation"/>
    <property name="vertx.disableTCCL" value="true"/>
    <property name="java.vm.version" value="14.0.2+12-46"/>
    <property name="sun.io.unicode.encoding" value="UnicodeLittle"/>
    <property name="io.netty.machineId" value="6a:f5:06:15:34:f8:bf:0e"/>
    <property name="java.class.version" value="58.0"/>
  </properties>
  <testcase name="testHelloEndpoint" classname="br.com.bb.compra.ClienteResourceTest" time="0.012">
    <error type="java.lang.RuntimeException"><![CDATA[java.lang.RuntimeException: java.lang.RuntimeException: Failed to start quarkus
Caused by: java.lang.RuntimeException: Failed to start quarkus
Caused by: java.lang.RuntimeException: Unable to start HTTP server
Caused by: java.util.concurrent.ExecutionException: io.quarkus.runtime.QuarkusBindException
Caused by: io.quarkus.runtime.QuarkusBindException
]]></error>
    <system-out><![CDATA[2022-08-31 13:48:11,808 INFO  [org.jbo.threads] (main) JBoss Threads version 3.4.2.Final
2022-08-31 13:48:12,359 WARN  [io.qua.hib.orm.dep.HibernateOrmProcessor] (build-63) Hibernate ORM is disabled because no JPA entities were found
]]></system-out>
  </testcase>
</testsuite>